<?xml version="1.0" encoding="UTF-8"?>
<!-- Generated by org.testng.reporters.JUnitReportReporter -->
<testsuite hostname="LAPTOP-QSDOH0RR" failures="0" tests="4" name="demo.Test1" time="0.021" errors="0" timestamp="2024-11-25T08:01:04 IST" skipped="0">
  <testcase classname="demo.Test1" name="a" time="0.016"/>
  <system-out/>
  <testcase classname="demo.Test1" name="c" time="0.001"/>
  <system-out/>
  <testcase classname="demo.Test1" name="d" time="0.002"/>
  <system-out/>
  <testcase classname="demo.Test1" name="b" time="0.002"/>
  <system-out/>
</testsuite> <!-- demo.Test1 -->
