<?xml version="1.0" encoding="UTF-8"?>
<!-- Generated by org.testng.reporters.JUnitReportReporter -->
<testsuite hostname="DESKTOP-EPO4R9B" failures="0" tests="2" name="com.test.VerifyLoginPage" time="5.411" errors="0" timestamp="2025-04-27T12:24:38 IST" skipped="0">
  <testcase classname="com.test.VerifyLoginPage" name="verifyLoginPage" time="3.437"/>
  <system-out/>
  <testcase classname="com.test.VerifyLoginPage" name="verifyLoginPage" time="1.974"/>
  <system-out/>
</testsuite> <!-- com.test.VerifyLoginPage -->
